[12-May-2025 01:14:01 UTC] PHP Fatal error:  Uncaught Error: Undefined constant "DB_HOST" in C:\xampp\htdocs\Smart_Medical_Appointment\setup.php:34
Stack trace:
#0 C:\xampp\htdocs\Smart_Medical_Appointment\setup.php(365): checkDatabaseConnection()
#1 {main}
  thrown in C:\xampp\htdocs\Smart_Medical_Appointment\setup.php on line 34
[12-May-2025 01:14:12 UTC] PHP Fatal error:  Uncaught Error: Undefined constant "DB_HOST" in C:\xampp\htdocs\Smart_Medical_Appointment\setup.php:34
Stack trace:
#0 C:\xampp\htdocs\Smart_Medical_Appointment\setup.php(365): checkDatabaseConnection()
#1 {main}
  thrown in C:\xampp\htdocs\Smart_Medical_Appointment\setup.php on line 34
[12-May-2025 01:14:32 UTC] PHP Warning:  mysqli::__construct(): (HY000/1049): Unknown database 'medical_appointment' in C:\xampp\htdocs\Smart_Medical_Appointment\includes\db.php on line 32
[12-May-2025 01:14:32 UTC] Database connection failed: Unknown database 'medical_appointment'
[12-May-2025 01:14:39 UTC] PHP Warning:  mysqli::__construct(): (HY000/1049): Unknown database 'medical_appointment' in C:\xampp\htdocs\Smart_Medical_Appointment\includes\db.php on line 32
[12-May-2025 01:14:39 UTC] Database connection failed: Unknown database 'medical_appointment'
[12-May-2025 01:14:42 UTC] PHP Warning:  mysqli::__construct(): (HY000/1049): Unknown database 'medical_appointment' in C:\xampp\htdocs\Smart_Medical_Appointment\includes\db.php on line 32
[12-May-2025 01:14:42 UTC] Database connection failed: Unknown database 'medical_appointment'
[12-May-2025 01:14:46 UTC] PHP Warning:  mysqli::__construct(): (HY000/1049): Unknown database 'medical_appointment' in C:\xampp\htdocs\Smart_Medical_Appointment\includes\db.php on line 32
[12-May-2025 01:14:46 UTC] Database connection failed: Unknown database 'medical_appointment'
[12-May-2025 01:14:50 UTC] PHP Warning:  mysqli::__construct(): (HY000/1049): Unknown database 'medical_appointment' in C:\xampp\htdocs\Smart_Medical_Appointment\includes\db.php on line 32
[12-May-2025 01:14:50 UTC] Database connection failed: Unknown database 'medical_appointment'
[12-May-2025 01:14:55 UTC] PHP Warning:  mysqli::__construct(): (HY000/1049): Unknown database 'medical_appointment' in C:\xampp\htdocs\Smart_Medical_Appointment\includes\db.php on line 32
[12-May-2025 01:14:55 UTC] Database connection failed: Unknown database 'medical_appointment'
[12-May-2025 01:14:56 UTC] PHP Warning:  mysqli::__construct(): (HY000/1049): Unknown database 'medical_appointment' in C:\xampp\htdocs\Smart_Medical_Appointment\includes\db.php on line 32
[12-May-2025 01:14:56 UTC] Database connection failed: Unknown database 'medical_appointment'
[12-May-2025 01:15:20 UTC] PHP Fatal error:  Uncaught Error: Undefined constant "DB_HOST" in C:\xampp\htdocs\Smart_Medical_Appointment\setup.php:34
Stack trace:
#0 C:\xampp\htdocs\Smart_Medical_Appointment\setup.php(365): checkDatabaseConnection()
#1 {main}
  thrown in C:\xampp\htdocs\Smart_Medical_Appointment\setup.php on line 34
[12-May-2025 01:45:22 UTC] PHP Fatal error:  Uncaught ValueError: mysqli_stmt::bind_param(): Argument #1 ($types) cannot be empty in C:\xampp\htdocs\Smart_Medical_Appointment\admin\appointments.php:318
Stack trace:
#0 C:\xampp\htdocs\Smart_Medical_Appointment\admin\appointments.php(318): mysqli_stmt->bind_param('', 0, 10)
#1 {main}
  thrown in C:\xampp\htdocs\Smart_Medical_Appointment\admin\appointments.php on line 318
[12-May-2025 01:45:47 UTC] PHP Fatal error:  Uncaught ValueError: mysqli_stmt::bind_param(): Argument #1 ($types) cannot be empty in C:\xampp\htdocs\Smart_Medical_Appointment\admin\appointments.php:318
Stack trace:
#0 C:\xampp\htdocs\Smart_Medical_Appointment\admin\appointments.php(318): mysqli_stmt->bind_param('', 0, 10)
#1 {main}
  thrown in C:\xampp\htdocs\Smart_Medical_Appointment\admin\appointments.php on line 318
[12-May-2025 02:03:08 UTC] PHP Fatal error:  Uncaught ArgumentCountError: The number of elements in the type definition string must match the number of bind variables in C:\xampp\htdocs\Smart_Medical_Appointment\booking.php:119
Stack trace:
#0 C:\xampp\htdocs\Smart_Medical_Appointment\booking.php(119): mysqli_stmt->bind_param('ssssissss', 'CLINIC-2025-46D...', 'siraj', '0665930055', 'siraj@siraj.com', 1, '2025-05-12', '09:30:00', '10:00:00', '', '')
#1 {main}
  thrown in C:\xampp\htdocs\Smart_Medical_Appointment\booking.php on line 119
